1623749538207	geckodriver	INFO	Listening on 127.0.0.1:40117
1623749539220	mozrunner::runner	INFO	Running command: "/usr/bin/firefox" "--marionette" "-foreground" "-no-remote" "-profile" "/tmp/rust_mozprofileqit7fU"
1623749539898	Marionette	INFO	Marionette enabled
console.info: MINT: Trying to use the system region (based on LANG).
console.info: MINT: System region is FR
console.warn: SearchSettings: "get: No settings file exists, new profile?" (new Error("", "(unknown module)"))
console.info: MINT: Loading search-config defaults.
JavaScript error: resource://gre/modules/TelemetryUtils.jsm, line 159: TypeError: date is undefined
1623749541670	Marionette	INFO	Listening on port 41385
1623749541741	Marionette	WARN	TLS certificate errors will be ignored for this session
JavaScript error: https://cdnjs.cloudflare.com/ajax/libs/jquery-easing/1.4.1/jquery.easing.min.js, line 1: TypeError: $.easing is undefined
1623749574620	Marionette	INFO	Stopped listening on port 41385
1623749755570	geckodriver	INFO	Listening on 127.0.0.1:47737
1623749755573	mozrunner::runner	INFO	Running command: "/usr/bin/firefox" "--marionette" "-foreground" "-no-remote" "-profile" "/tmp/rust_mozprofileZ2rG0p"
1623749756166	Marionette	INFO	Marionette enabled
console.info: MINT: Trying to use the system region (based on LANG).
console.info: MINT: System region is FR
console.warn: SearchSettings: "get: No settings file exists, new profile?" (new Error("", "(unknown module)"))
console.info: MINT: Loading search-config defaults.
JavaScript error: resource://gre/modules/TelemetryUtils.jsm, line 159: TypeError: date is undefined
1623749757932	Marionette	INFO	Listening on port 39089
1623749758000	Marionette	WARN	TLS certificate errors will be ignored for this session
JavaScript error: https://cdnjs.cloudflare.com/ajax/libs/jquery-easing/1.4.1/jquery.easing.min.js, line 1: TypeError: $.easing is undefined
JavaScript error: resource://gre/actors/AutoCompleteChild.jsm, line 125: Error: Invalid autocomplete selectedIndex
JavaScript error: https://cdnjs.cloudflare.com/ajax/libs/jquery-easing/1.4.1/jquery.easing.min.js, line 1: TypeError: $.easing is undefined
1623749798223	Marionette	INFO	Stopped listening on port 39089

###!!! [Parent][RunMessage] Error: Channel closing: too late to send/recv, messages will be lost

1623750002369	geckodriver	INFO	Listening on 127.0.0.1:45823
1623750002371	mozrunner::runner	INFO	Running command: "/usr/bin/firefox" "--marionette" "-foreground" "-no-remote" "-profile" "/tmp/rust_mozprofileFZjSdW"
1623750002962	Marionette	INFO	Marionette enabled
console.info: MINT: Trying to use the system region (based on LANG).
console.info: MINT: System region is FR
console.warn: SearchSettings: "get: No settings file exists, new profile?" (new Error("", "(unknown module)"))
console.info: MINT: Loading search-config defaults.
JavaScript error: resource://gre/modules/TelemetryUtils.jsm, line 159: TypeError: date is undefined
1623750004732	Marionette	INFO	Listening on port 37573
1623750004791	Marionette	WARN	TLS certificate errors will be ignored for this session
JavaScript error: https://cdnjs.cloudflare.com/ajax/libs/jquery-easing/1.4.1/jquery.easing.min.js, line 1: TypeError: $.easing is undefined
1623750012180	Marionette	INFO	Stopped listening on port 37573
1623750079645	geckodriver	INFO	Listening on 127.0.0.1:44911
1623750079648	mozrunner::runner	INFO	Running command: "/usr/bin/firefox" "--marionette" "-foreground" "-no-remote" "-profile" "/tmp/rust_mozprofileSYIazb"
1623750080268	Marionette	INFO	Marionette enabled
console.info: MINT: Trying to use the system region (based on LANG).
console.info: MINT: System region is FR
console.warn: SearchSettings: "get: No settings file exists, new profile?" (new Error("", "(unknown module)"))
console.info: MINT: Loading search-config defaults.
1623750082299	Marionette	INFO	Listening on port 32825
1623750082377	Marionette	WARN	TLS certificate errors will be ignored for this session
JavaScript error: resource://gre/modules/TelemetryUtils.jsm, line 159: TypeError: date is undefined
JavaScript error: https://cdnjs.cloudflare.com/ajax/libs/jquery-easing/1.4.1/jquery.easing.min.js, line 1: TypeError: $.easing is undefined
JavaScript error: resource://gre/actors/AutoCompleteChild.jsm, line 125: Error: Invalid autocomplete selectedIndex
1623750087709	Marionette	INFO	Stopped listening on port 32825
1623750106049	geckodriver	INFO	Listening on 127.0.0.1:50681
1623750106051	mozrunner::runner	INFO	Running command: "/usr/bin/firefox" "--marionette" "-foreground" "-no-remote" "-profile" "/tmp/rust_mozprofileda8I8H"
1623750106663	Marionette	INFO	Marionette enabled
console.info: MINT: Trying to use the system region (based on LANG).
console.info: MINT: System region is FR
console.warn: SearchSettings: "get: No settings file exists, new profile?" (new Error("", "(unknown module)"))
console.info: MINT: Loading search-config defaults.
JavaScript error: resource://gre/modules/TelemetryUtils.jsm, line 159: TypeError: date is undefined
1623750108539	Marionette	INFO	Listening on port 43073
1623750108576	Marionette	WARN	TLS certificate errors will be ignored for this session
JavaScript error: https://cdnjs.cloudflare.com/ajax/libs/jquery-easing/1.4.1/jquery.easing.min.js, line 1: TypeError: $.easing is undefined
JavaScript error: resource://gre/actors/AutoCompleteChild.jsm, line 125: Error: Invalid autocomplete selectedIndex
JavaScript error: https://cdnjs.cloudflare.com/ajax/libs/jquery-easing/1.4.1/jquery.easing.min.js, line 1: TypeError: $.easing is undefined
1623750182830	Marionette	INFO	Stopped listening on port 43073
1623750543594	geckodriver	INFO	Listening on 127.0.0.1:60805
1623750543597	mozrunner::runner	INFO	Running command: "/usr/bin/firefox" "--marionette" "-foreground" "-no-remote" "-profile" "/tmp/rust_mozprofiled7cWDY"
1623750544316	Marionette	INFO	Marionette enabled
console.info: MINT: Trying to use the system region (based on LANG).
console.info: MINT: System region is FR
console.warn: SearchSettings: "get: No settings file exists, new profile?" (new Error("", "(unknown module)"))
console.info: MINT: Loading search-config defaults.
JavaScript error: resource://gre/modules/TelemetryUtils.jsm, line 159: TypeError: date is undefined
1623750545973	Marionette	INFO	Listening on port 41007
1623750546017	Marionette	WARN	TLS certificate errors will be ignored for this session
JavaScript error: https://cdnjs.cloudflare.com/ajax/libs/jquery-easing/1.4.1/jquery.easing.min.js, line 1: TypeError: $.easing is undefined
JavaScript error: resource://gre/actors/AutoCompleteChild.jsm, line 125: Error: Invalid autocomplete selectedIndex
JavaScript error: https://cdnjs.cloudflare.com/ajax/libs/jquery-easing/1.4.1/jquery.easing.min.js, line 1: TypeError: $.easing is undefined
1623750572911	Marionette	INFO	Stopped listening on port 41007
1623750659917	geckodriver	INFO	Listening on 127.0.0.1:56035
1623750659919	mozrunner::runner	INFO	Running command: "/usr/bin/firefox" "--marionette" "-foreground" "-no-remote" "-profile" "/tmp/rust_mozprofileJOKE8f"
1623750660514	Marionette	INFO	Marionette enabled
console.info: MINT: Trying to use the system region (based on LANG).
console.info: MINT: System region is FR
console.warn: SearchSettings: "get: No settings file exists, new profile?" (new Error("", "(unknown module)"))
console.info: MINT: Loading search-config defaults.
JavaScript error: resource://gre/modules/TelemetryUtils.jsm, line 159: TypeError: date is undefined
1623750662213	Marionette	INFO	Listening on port 44425
1623750662262	Marionette	WARN	TLS certificate errors will be ignored for this session
JavaScript error: https://cdnjs.cloudflare.com/ajax/libs/jquery-easing/1.4.1/jquery.easing.min.js, line 1: TypeError: $.easing is undefined
JavaScript error: resource://gre/actors/AutoCompleteChild.jsm, line 125: Error: Invalid autocomplete selectedIndex
JavaScript error: https://cdnjs.cloudflare.com/ajax/libs/jquery-easing/1.4.1/jquery.easing.min.js, line 1: TypeError: $.easing is undefined
1623750726615	geckodriver	INFO	Listening on 127.0.0.1:37709
1623750726617	mozrunner::runner	INFO	Running command: "/usr/bin/firefox" "--marionette" "-foreground" "-no-remote" "-profile" "/tmp/rust_mozprofile8Sozqu"
1623750727205	Marionette	INFO	Marionette enabled
console.info: MINT: Trying to use the system region (based on LANG).
console.info: MINT: System region is FR
console.warn: SearchSettings: "get: No settings file exists, new profile?" (new Error("", "(unknown module)"))
console.info: MINT: Loading search-config defaults.
JavaScript error: resource://gre/modules/TelemetryUtils.jsm, line 159: TypeError: date is undefined
1623750729088	Marionette	INFO	Listening on port 43699
1623750729138	Marionette	WARN	TLS certificate errors will be ignored for this session
JavaScript error: https://cdnjs.cloudflare.com/ajax/libs/jquery-easing/1.4.1/jquery.easing.min.js, line 1: TypeError: $.easing is undefined
JavaScript error: resource://gre/actors/AutoCompleteChild.jsm, line 125: Error: Invalid autocomplete selectedIndex
JavaScript error: https://cdnjs.cloudflare.com/ajax/libs/jquery-easing/1.4.1/jquery.easing.min.js, line 1: TypeError: $.easing is undefined
1623750756784	geckodriver	INFO	Listening on 127.0.0.1:43497
1623750756786	mozrunner::runner	INFO	Running command: "/usr/bin/firefox" "--marionette" "-foreground" "-no-remote" "-profile" "/tmp/rust_mozprofileLAs6JX"
1623750757407	Marionette	INFO	Marionette enabled
console.info: MINT: Trying to use the system region (based on LANG).
console.info: MINT: System region is FR
console.warn: SearchSettings: "get: No settings file exists, new profile?" (new Error("", "(unknown module)"))
console.info: MINT: Loading search-config defaults.
1623750759625	Marionette	INFO	Listening on port 37735
1623750759708	Marionette	WARN	TLS certificate errors will be ignored for this session
JavaScript error: resource://gre/modules/TelemetryUtils.jsm, line 159: TypeError: date is undefined
JavaScript error: https://cdnjs.cloudflare.com/ajax/libs/jquery-easing/1.4.1/jquery.easing.min.js, line 1: TypeError: $.easing is undefined
JavaScript error: resource://gre/actors/AutoCompleteChild.jsm, line 125: Error: Invalid autocomplete selectedIndex
JavaScript error: https://cdnjs.cloudflare.com/ajax/libs/jquery-easing/1.4.1/jquery.easing.min.js, line 1: TypeError: $.easing is undefined
1623750839703	geckodriver	INFO	Listening on 127.0.0.1:36701
1623750839706	mozrunner::runner	INFO	Running command: "/usr/bin/firefox" "--marionette" "-foreground" "-no-remote" "-profile" "/tmp/rust_mozprofileAnWPtW"
1623750840337	Marionette	INFO	Marionette enabled
console.info: MINT: Trying to use the system region (based on LANG).
console.info: MINT: System region is FR
console.warn: SearchSettings: "get: No settings file exists, new profile?" (new Error("", "(unknown module)"))
console.info: MINT: Loading search-config defaults.
JavaScript error: resource://gre/modules/TelemetryUtils.jsm, line 159: TypeError: date is undefined
1623750842575	Marionette	INFO	Listening on port 36307
1623750842628	Marionette	WARN	TLS certificate errors will be ignored for this session
JavaScript error: https://cdnjs.cloudflare.com/ajax/libs/jquery-easing/1.4.1/jquery.easing.min.js, line 1: TypeError: $.easing is undefined
JavaScript error: resource://gre/actors/AutoCompleteChild.jsm, line 125: Error: Invalid autocomplete selectedIndex
JavaScript error: https://cdnjs.cloudflare.com/ajax/libs/jquery-easing/1.4.1/jquery.easing.min.js, line 1: TypeError: $.easing is undefined
console.info: MINT: main/search-config update being skipped
console.info: MINT: main/search-config update being skipped
console.info: MINT: main/search-config update being skipped
1623751031169	geckodriver	INFO	Listening on 127.0.0.1:45401
1623751031172	mozrunner::runner	INFO	Running command: "/usr/bin/firefox" "--marionette" "-foreground" "-no-remote" "-profile" "/tmp/rust_mozprofile3AhUbM"
1623751031854	Marionette	INFO	Marionette enabled
console.info: MINT: Trying to use the system region (based on LANG).
console.info: MINT: System region is FR
console.warn: SearchSettings: "get: No settings file exists, new profile?" (new Error("", "(unknown module)"))
console.info: MINT: Loading search-config defaults.
JavaScript error: resource://gre/modules/TelemetryUtils.jsm, line 159: TypeError: date is undefined
1623751033900	Marionette	INFO	Listening on port 37169
1623751034012	Marionette	WARN	TLS certificate errors will be ignored for this session
JavaScript error: https://cdnjs.cloudflare.com/ajax/libs/jquery-easing/1.4.1/jquery.easing.min.js, line 1: TypeError: $.easing is undefined
JavaScript error: resource://gre/actors/AutoCompleteChild.jsm, line 125: Error: Invalid autocomplete selectedIndex
JavaScript error: https://cdnjs.cloudflare.com/ajax/libs/jquery-easing/1.4.1/jquery.easing.min.js, line 1: TypeError: $.easing is undefined
1623751092404	geckodriver	INFO	Listening on 127.0.0.1:46577
1623751092407	mozrunner::runner	INFO	Running command: "/usr/bin/firefox" "--marionette" "-foreground" "-no-remote" "-profile" "/tmp/rust_mozprofileFjJZ1c"
1623751092984	Marionette	INFO	Marionette enabled
console.info: MINT: Trying to use the system region (based on LANG).
console.info: MINT: System region is FR
console.warn: SearchSettings: "get: No settings file exists, new profile?" (new Error("", "(unknown module)"))
console.info: MINT: Loading search-config defaults.
JavaScript error: resource://gre/modules/TelemetryUtils.jsm, line 159: TypeError: date is undefined
1623751094698	Marionette	INFO	Listening on port 45475
1623751094727	Marionette	WARN	TLS certificate errors will be ignored for this session
JavaScript error: https://cdnjs.cloudflare.com/ajax/libs/jquery-easing/1.4.1/jquery.easing.min.js, line 1: TypeError: $.easing is undefined
JavaScript error: resource://gre/actors/AutoCompleteChild.jsm, line 125: Error: Invalid autocomplete selectedIndex
JavaScript error: https://cdnjs.cloudflare.com/ajax/libs/jquery-easing/1.4.1/jquery.easing.min.js, line 1: TypeError: $.easing is undefined
console.info: MINT: main/search-config update being skipped
1623751281675	Marionette	INFO	Stopped listening on port 44425
1623751282521	Marionette	INFO	Stopped listening on port 43699
1623751283256	Marionette	INFO	Stopped listening on port 37735
1623751283960	Marionette	INFO	Stopped listening on port 36307

###!!! [Parent][RunMessage] Error: Channel closing: too late to send/recv, messages will be lost

1623751284513	Marionette	INFO	Stopped listening on port 37169
1623751285114	Marionette	INFO	Stopped listening on port 45475
1623751290246	geckodriver	INFO	Listening on 127.0.0.1:50065
1623751290248	mozrunner::runner	INFO	Running command: "/usr/bin/firefox" "--marionette" "-foreground" "-no-remote" "-profile" "/tmp/rust_mozprofileahnLrx"
1623751291167	Marionette	INFO	Marionette enabled
console.info: MINT: Trying to use the system region (based on LANG).
console.info: MINT: System region is FR
console.warn: SearchSettings: "get: No settings file exists, new profile?" (new Error("", "(unknown module)"))
console.info: MINT: Loading search-config defaults.
JavaScript error: resource://gre/modules/TelemetryUtils.jsm, line 159: TypeError: date is undefined
1623751292910	Marionette	INFO	Listening on port 41435
1623751292974	Marionette	WARN	TLS certificate errors will be ignored for this session
JavaScript error: https://cdnjs.cloudflare.com/ajax/libs/jquery-easing/1.4.1/jquery.easing.min.js, line 1: TypeError: $.easing is undefined
JavaScript error: resource://gre/actors/AutoCompleteChild.jsm, line 125: Error: Invalid autocomplete selectedIndex
JavaScript error: https://cdnjs.cloudflare.com/ajax/libs/jquery-easing/1.4.1/jquery.easing.min.js, line 1: TypeError: $.easing is undefined
1623751330679	geckodriver	INFO	Listening on 127.0.0.1:56489
1623751330682	mozrunner::runner	INFO	Running command: "/usr/bin/firefox" "--marionette" "-foreground" "-no-remote" "-profile" "/tmp/rust_mozprofileI0SaO2"
1623751331290	Marionette	INFO	Marionette enabled
console.info: MINT: Trying to use the system region (based on LANG).
console.info: MINT: System region is FR
console.warn: SearchSettings: "get: No settings file exists, new profile?" (new Error("", "(unknown module)"))
console.info: MINT: Loading search-config defaults.
JavaScript error: resource://gre/modules/TelemetryUtils.jsm, line 159: TypeError: date is undefined
1623751333458	Marionette	INFO	Listening on port 41745
1623751333526	Marionette	WARN	TLS certificate errors will be ignored for this session
JavaScript error: https://cdnjs.cloudflare.com/ajax/libs/jquery-easing/1.4.1/jquery.easing.min.js, line 1: TypeError: $.easing is undefined
JavaScript error: resource://gre/actors/AutoCompleteChild.jsm, line 125: Error: Invalid autocomplete selectedIndex
JavaScript error: https://cdnjs.cloudflare.com/ajax/libs/jquery-easing/1.4.1/jquery.easing.min.js, line 1: TypeError: $.easing is undefined
console.info: MINT: main/search-config update being skipped
1623751595067	geckodriver	INFO	Listening on 127.0.0.1:54529
1623751595069	mozrunner::runner	INFO	Running command: "/usr/bin/firefox" "--marionette" "-foreground" "-no-remote" "-profile" "/tmp/rust_mozprofilemiyCU9"
1623751595658	Marionette	INFO	Marionette enabled
console.info: MINT: Trying to use the system region (based on LANG).
console.info: MINT: System region is FR
console.warn: SearchSettings: "get: No settings file exists, new profile?" (new Error("", "(unknown module)"))
console.info: MINT: Loading search-config defaults.
JavaScript error: resource://gre/modules/TelemetryUtils.jsm, line 159: TypeError: date is undefined
1623751597769	Marionette	INFO	Listening on port 34959
1623751597796	Marionette	WARN	TLS certificate errors will be ignored for this session
JavaScript error: https://cdnjs.cloudflare.com/ajax/libs/jquery-easing/1.4.1/jquery.easing.min.js, line 1: TypeError: $.easing is undefined
JavaScript error: resource://gre/actors/AutoCompleteChild.jsm, line 125: Error: Invalid autocomplete selectedIndex
JavaScript error: https://cdnjs.cloudflare.com/ajax/libs/jquery-easing/1.4.1/jquery.easing.min.js, line 1: TypeError: $.easing is undefined
console.info: MINT: main/search-config update being skipped
1623751736219	geckodriver	INFO	Listening on 127.0.0.1:33811
1623751736221	mozrunner::runner	INFO	Running command: "/usr/bin/firefox" "--marionette" "-foreground" "-no-remote" "-profile" "/tmp/rust_mozprofileRkVluT"
1623751736829	Marionette	INFO	Marionette enabled
console.info: MINT: Trying to use the system region (based on LANG).
console.info: MINT: System region is FR
console.warn: SearchSettings: "get: No settings file exists, new profile?" (new Error("", "(unknown module)"))
console.info: MINT: Loading search-config defaults.
JavaScript error: resource://gre/modules/TelemetryUtils.jsm, line 159: TypeError: date is undefined
1623751738593	Marionette	INFO	Listening on port 34545
1623751738650	Marionette	WARN	TLS certificate errors will be ignored for this session
JavaScript error: https://cdnjs.cloudflare.com/ajax/libs/jquery-easing/1.4.1/jquery.easing.min.js, line 1: TypeError: $.easing is undefined
JavaScript error: resource://gre/actors/AutoCompleteChild.jsm, line 125: Error: Invalid autocomplete selectedIndex
JavaScript error: https://cdnjs.cloudflare.com/ajax/libs/jquery-easing/1.4.1/jquery.easing.min.js, line 1: TypeError: $.easing is undefined
console.info: MINT: main/search-config update being skipped
console.info: MINT: main/search-config update being skipped
1623753016676	Marionette	INFO	Stopped listening on port 41435
1623753017181	Marionette	INFO	Stopped listening on port 41745
1623753017742	Marionette	INFO	Stopped listening on port 34959
1623753018419	Marionette	INFO	Stopped listening on port 34545
1623753443539	geckodriver	INFO	Listening on 127.0.0.1:58181
1623753443542	mozrunner::runner	INFO	Running command: "/usr/bin/firefox" "--marionette" "-foreground" "-no-remote" "-profile" "/tmp/rust_mozprofile19u7DX"
1623753444157	Marionette	INFO	Marionette enabled
console.info: MINT: Trying to use the system region (based on LANG).
console.info: MINT: System region is FR
console.warn: SearchSettings: "get: No settings file exists, new profile?" (new Error("", "(unknown module)"))
console.info: MINT: Loading search-config defaults.
JavaScript error: resource://gre/modules/TelemetryUtils.jsm, line 159: TypeError: date is undefined
1623753446202	Marionette	INFO	Listening on port 44883
1623753446277	Marionette	WARN	TLS certificate errors will be ignored for this session
JavaScript error: https://cdnjs.cloudflare.com/ajax/libs/jquery-easing/1.4.1/jquery.easing.min.js, line 1: TypeError: $.easing is undefined
JavaScript error: resource://gre/actors/AutoCompleteChild.jsm, line 125: Error: Invalid autocomplete selectedIndex
JavaScript error: https://cdnjs.cloudflare.com/ajax/libs/jquery-easing/1.4.1/jquery.easing.min.js, line 1: TypeError: $.easing is undefined
1623753528964	geckodriver	INFO	Listening on 127.0.0.1:37059
1623753528966	mozrunner::runner	INFO	Running command: "/usr/bin/firefox" "--marionette" "-foreground" "-no-remote" "-profile" "/tmp/rust_mozprofile0ACF21"
1623753529559	Marionette	INFO	Marionette enabled
console.info: MINT: Trying to use the system region (based on LANG).
console.info: MINT: System region is FR
console.warn: SearchSettings: "get: No settings file exists, new profile?" (new Error("", "(unknown module)"))
console.info: MINT: Loading search-config defaults.
JavaScript error: resource://gre/modules/TelemetryUtils.jsm, line 159: TypeError: date is undefined
1623753531447	Marionette	INFO	Listening on port 32865
1623753531504	Marionette	WARN	TLS certificate errors will be ignored for this session
JavaScript error: https://cdnjs.cloudflare.com/ajax/libs/jquery-easing/1.4.1/jquery.easing.min.js, line 1: TypeError: $.easing is undefined
JavaScript error: resource://gre/actors/AutoCompleteChild.jsm, line 125: Error: Invalid autocomplete selectedIndex
JavaScript error: https://cdnjs.cloudflare.com/ajax/libs/jquery-easing/1.4.1/jquery.easing.min.js, line 1: TypeError: $.easing is undefined
console.info: MINT: main/search-config update being skipped
1623753719046	geckodriver	INFO	Listening on 127.0.0.1:47401
1623753719048	mozrunner::runner	INFO	Running command: "/usr/bin/firefox" "--marionette" "-foreground" "-no-remote" "-profile" "/tmp/rust_mozprofilexzhJ79"
1623753719856	Marionette	INFO	Marionette enabled
console.info: MINT: Trying to use the system region (based on LANG).
console.info: MINT: System region is FR
console.warn: SearchSettings: "get: No settings file exists, new profile?" (new Error("", "(unknown module)"))
console.info: MINT: Loading search-config defaults.
JavaScript error: resource://gre/modules/TelemetryUtils.jsm, line 159: TypeError: date is undefined
1623753721774	Marionette	INFO	Listening on port 46187
1623753721869	Marionette	WARN	TLS certificate errors will be ignored for this session
JavaScript error: https://cdnjs.cloudflare.com/ajax/libs/jquery-easing/1.4.1/jquery.easing.min.js, line 1: TypeError: $.easing is undefined
JavaScript error: resource://gre/actors/AutoCompleteChild.jsm, line 125: Error: Invalid autocomplete selectedIndex
JavaScript error: https://cdnjs.cloudflare.com/ajax/libs/jquery-easing/1.4.1/jquery.easing.min.js, line 1: TypeError: $.easing is undefined
1623753746685	geckodriver	INFO	Listening on 127.0.0.1:39691
1623753746687	mozrunner::runner	INFO	Running command: "/usr/bin/firefox" "--marionette" "-foreground" "-no-remote" "-profile" "/tmp/rust_mozprofileTQoZrV"
1623753747297	Marionette	INFO	Marionette enabled
console.info: MINT: Trying to use the system region (based on LANG).
console.info: MINT: System region is FR
console.warn: SearchSettings: "get: No settings file exists, new profile?" (new Error("", "(unknown module)"))
console.info: MINT: Loading search-config defaults.
JavaScript error: resource://gre/modules/TelemetryUtils.jsm, line 159: TypeError: date is undefined
1623753749407	Marionette	INFO	Listening on port 46745
1623753749514	Marionette	WARN	TLS certificate errors will be ignored for this session
JavaScript error: https://cdnjs.cloudflare.com/ajax/libs/jquery-easing/1.4.1/jquery.easing.min.js, line 1: TypeError: $.easing is undefined
JavaScript error: resource://gre/actors/AutoCompleteChild.jsm, line 125: Error: Invalid autocomplete selectedIndex
JavaScript error: https://cdnjs.cloudflare.com/ajax/libs/jquery-easing/1.4.1/jquery.easing.min.js, line 1: TypeError: $.easing is undefined
console.info: MINT: main/search-config update being skipped
1623753867043	geckodriver	INFO	Listening on 127.0.0.1:38621
1623753867045	mozrunner::runner	INFO	Running command: "/usr/bin/firefox" "--marionette" "-foreground" "-no-remote" "-profile" "/tmp/rust_mozprofilextEOLt"
1623753867655	Marionette	INFO	Marionette enabled
console.info: MINT: Trying to use the system region (based on LANG).
console.info: MINT: System region is FR
console.warn: SearchSettings: "get: No settings file exists, new profile?" (new Error("", "(unknown module)"))
console.info: MINT: Loading search-config defaults.
JavaScript error: resource://gre/modules/TelemetryUtils.jsm, line 159: TypeError: date is undefined
1623753869412	Marionette	INFO	Listening on port 43205
1623753869464	Marionette	WARN	TLS certificate errors will be ignored for this session
JavaScript error: https://cdnjs.cloudflare.com/ajax/libs/jquery-easing/1.4.1/jquery.easing.min.js, line 1: TypeError: $.easing is undefined
JavaScript error: resource://gre/actors/AutoCompleteChild.jsm, line 125: Error: Invalid autocomplete selectedIndex
JavaScript error: https://cdnjs.cloudflare.com/ajax/libs/jquery-easing/1.4.1/jquery.easing.min.js, line 1: TypeError: $.easing is undefined
console.info: MINT: main/search-config update being skipped
1623754017251	Marionette	INFO	Stopped listening on port 44883
1623754017804	Marionette	INFO	Stopped listening on port 32865

###!!! [Parent][RunMessage] Error: Channel closing: too late to send/recv, messages will be lost

1623754018343	Marionette	INFO	Stopped listening on port 46187
console.error: services.settings: 
  Message: TypeError: NetworkError when attempting to fetch resource.
1623754018885	Marionette	INFO	Stopped listening on port 46745
1623754019366	Marionette	INFO	Stopped listening on port 43205
1623754079216	geckodriver	INFO	Listening on 127.0.0.1:50265
1623754079218	mozrunner::runner	INFO	Running command: "/usr/bin/firefox" "--marionette" "-foreground" "-no-remote" "-profile" "/tmp/rust_mozprofileKMoHuB"
1623754079792	Marionette	INFO	Marionette enabled
console.info: MINT: Trying to use the system region (based on LANG).
console.info: MINT: System region is FR
console.warn: SearchSettings: "get: No settings file exists, new profile?" (new Error("", "(unknown module)"))
console.info: MINT: Loading search-config defaults.
1623754081471	Marionette	INFO	Listening on port 32871
1623754081539	Marionette	WARN	TLS certificate errors will be ignored for this session
JavaScript error: resource://gre/modules/TelemetryUtils.jsm, line 159: TypeError: date is undefined
JavaScript error: https://cdnjs.cloudflare.com/ajax/libs/jquery-easing/1.4.1/jquery.easing.min.js, line 1: TypeError: $.easing is undefined
JavaScript error: resource://gre/actors/AutoCompleteChild.jsm, line 125: Error: Invalid autocomplete selectedIndex
JavaScript error: https://cdnjs.cloudflare.com/ajax/libs/jquery-easing/1.4.1/jquery.easing.min.js, line 1: TypeError: $.easing is undefined
1623754188712	geckodriver	INFO	Listening on 127.0.0.1:48393
1623754188715	mozrunner::runner	INFO	Running command: "/usr/bin/firefox" "--marionette" "-foreground" "-no-remote" "-profile" "/tmp/rust_mozprofile5CvCKM"
1623754189301	Marionette	INFO	Marionette enabled
console.info: MINT: Trying to use the system region (based on LANG).
console.info: MINT: System region is FR
console.warn: SearchSettings: "get: No settings file exists, new profile?" (new Error("", "(unknown module)"))
console.info: MINT: Loading search-config defaults.
JavaScript error: resource://gre/modules/TelemetryUtils.jsm, line 159: TypeError: date is undefined
1623754191103	Marionette	INFO	Listening on port 34861
1623754191135	Marionette	WARN	TLS certificate errors will be ignored for this session
JavaScript error: https://cdnjs.cloudflare.com/ajax/libs/jquery-easing/1.4.1/jquery.easing.min.js, line 1: TypeError: $.easing is undefined
JavaScript error: resource://gre/actors/AutoCompleteChild.jsm, line 125: Error: Invalid autocomplete selectedIndex
JavaScript error: https://cdnjs.cloudflare.com/ajax/libs/jquery-easing/1.4.1/jquery.easing.min.js, line 1: TypeError: $.easing is undefined
console.info: MINT: main/search-config update being skipped
1623754449289	Marionette	INFO	Stopped listening on port 34861
1623755415809	Marionette	INFO	Stopped listening on port 32871
1623855711407	geckodriver	INFO	Listening on 127.0.0.1:39251
1623855712419	mozrunner::runner	INFO	Running command: "/usr/bin/firefox" "--marionette" "-foreground" "-no-remote" "-profile" "/tmp/rust_mozprofile6shF0f"
1623855713215	Marionette	INFO	Marionette enabled
console.info: MINT: Trying to use the system region (based on LANG).
console.info: MINT: System region is FR
console.warn: SearchSettings: "get: No settings file exists, new profile?" (new NotFoundError("Could not open the file at /tmp/rust_mozprofile6shF0f/search.json.mozlz4", (void 0)))
console.info: MINT: Loading search-config defaults.
JavaScript error: resource://gre/modules/TelemetryUtils.jsm, line 154: TypeError: date is undefined
1623855714828	Marionette	INFO	Listening on port 46245
1623855714976	Marionette	WARN	TLS certificate errors will be ignored for this session
JavaScript error: https://cdnjs.cloudflare.com/ajax/libs/jquery-easing/1.4.1/jquery.easing.min.js, line 1: TypeError: $.easing is undefined
JavaScript error: resource://gre/actors/AutoCompleteChild.jsm, line 125: Error: Invalid autocomplete selectedIndex
JavaScript error: https://cdnjs.cloudflare.com/ajax/libs/jquery-easing/1.4.1/jquery.easing.min.js, line 1: TypeError: $.easing is undefined
1623855798133	geckodriver	INFO	Listening on 127.0.0.1:56517
1623855798135	mozrunner::runner	INFO	Running command: "/usr/bin/firefox" "--marionette" "-foreground" "-no-remote" "-profile" "/tmp/rust_mozprofilerprUa2"
1623855798818	Marionette	INFO	Marionette enabled
console.info: MINT: Trying to use the system region (based on LANG).
console.info: MINT: System region is FR
console.warn: SearchSettings: "get: No settings file exists, new profile?" (new NotFoundError("Could not open the file at /tmp/rust_mozprofilerprUa2/search.json.mozlz4", (void 0)))
console.info: MINT: Loading search-config defaults.
JavaScript error: resource://gre/modules/TelemetryUtils.jsm, line 154: TypeError: date is undefined
1623855801133	Marionette	INFO	Listening on port 34485
1623855801183	Marionette	WARN	TLS certificate errors will be ignored for this session
JavaScript error: https://cdnjs.cloudflare.com/ajax/libs/jquery-easing/1.4.1/jquery.easing.min.js, line 1: TypeError: $.easing is undefined
JavaScript error: resource://gre/actors/AutoCompleteChild.jsm, line 125: Error: Invalid autocomplete selectedIndex
JavaScript error: https://cdnjs.cloudflare.com/ajax/libs/jquery-easing/1.4.1/jquery.easing.min.js, line 1: TypeError: $.easing is undefined
1623855847909	geckodriver	INFO	Listening on 127.0.0.1:53759
1623855847911	mozrunner::runner	INFO	Running command: "/usr/bin/firefox" "--marionette" "-foreground" "-no-remote" "-profile" "/tmp/rust_mozprofilel9jCVq"
1623855848590	Marionette	INFO	Marionette enabled
console.info: MINT: Trying to use the system region (based on LANG).
console.info: MINT: System region is FR
console.warn: SearchSettings: "get: No settings file exists, new profile?" (new NotFoundError("Could not open the file at /tmp/rust_mozprofilel9jCVq/search.json.mozlz4", (void 0)))
console.info: MINT: Loading search-config defaults.
JavaScript error: resource://gre/modules/TelemetryUtils.jsm, line 154: TypeError: date is undefined
1623855850277	Marionette	INFO	Listening on port 37433
1623855850356	Marionette	WARN	TLS certificate errors will be ignored for this session
JavaScript error: https://cdnjs.cloudflare.com/ajax/libs/jquery-easing/1.4.1/jquery.easing.min.js, line 1: TypeError: $.easing is undefined
JavaScript error: resource://gre/actors/AutoCompleteChild.jsm, line 125: Error: Invalid autocomplete selectedIndex
JavaScript error: https://cdnjs.cloudflare.com/ajax/libs/jquery-easing/1.4.1/jquery.easing.min.js, line 1: TypeError: $.easing is undefined
1623855909409	geckodriver	INFO	Listening on 127.0.0.1:41635
1623855909412	mozrunner::runner	INFO	Running command: "/usr/bin/firefox" "--marionette" "-foreground" "-no-remote" "-profile" "/tmp/rust_mozprofileRCJbMA"
1623855910170	Marionette	INFO	Marionette enabled
console.info: MINT: Trying to use the system region (based on LANG).
console.info: MINT: System region is FR
console.warn: SearchSettings: "get: No settings file exists, new profile?" (new NotFoundError("Could not open the file at /tmp/rust_mozprofileRCJbMA/search.json.mozlz4", (void 0)))
console.info: MINT: Loading search-config defaults.
1623855911635	Marionette	INFO	Listening on port 46167
JavaScript error: resource://gre/modules/TelemetryUtils.jsm, line 154: TypeError: date is undefined
1623855911735	Marionette	WARN	TLS certificate errors will be ignored for this session
JavaScript error: https://cdnjs.cloudflare.com/ajax/libs/jquery-easing/1.4.1/jquery.easing.min.js, line 1: TypeError: $.easing is undefined
JavaScript error: resource://gre/actors/AutoCompleteChild.jsm, line 125: Error: Invalid autocomplete selectedIndex
JavaScript error: https://cdnjs.cloudflare.com/ajax/libs/jquery-easing/1.4.1/jquery.easing.min.js, line 1: TypeError: $.easing is undefined
console.info: MINT: main/search-config update being skipped
1623855996643	geckodriver	INFO	Listening on 127.0.0.1:44205
1623855996645	mozrunner::runner	INFO	Running command: "/usr/bin/firefox" "--marionette" "-foreground" "-no-remote" "-profile" "/tmp/rust_mozprofileYmIut5"
1623855997390	Marionette	INFO	Marionette enabled
console.info: MINT: Trying to use the system region (based on LANG).
console.info: MINT: System region is FR
console.warn: SearchSettings: "get: No settings file exists, new profile?" (new NotFoundError("Could not open the file at /tmp/rust_mozprofileYmIut5/search.json.mozlz4", (void 0)))
console.info: MINT: Loading search-config defaults.
JavaScript error: resource://gre/modules/TelemetryUtils.jsm, line 154: TypeError: date is undefined
1623855999026	Marionette	INFO	Listening on port 45791
1623855999077	Marionette	WARN	TLS certificate errors will be ignored for this session
JavaScript error: https://cdnjs.cloudflare.com/ajax/libs/jquery-easing/1.4.1/jquery.easing.min.js, line 1: TypeError: $.easing is undefined
JavaScript error: resource://gre/actors/AutoCompleteChild.jsm, line 125: Error: Invalid autocomplete selectedIndex
JavaScript error: https://cdnjs.cloudflare.com/ajax/libs/jquery-easing/1.4.1/jquery.easing.min.js, line 1: TypeError: $.easing is undefined
console.info: MINT: main/search-config update being skipped
console.info: MINT: main/search-config update being skipped
console.info: MINT: main/search-config update being skipped
console.info: MINT: main/search-config update being skipped
1623856813989	Marionette	INFO	Stopped listening on port 46245
1623856814759	Marionette	INFO	Stopped listening on port 34485
1623856815371	Marionette	INFO	Stopped listening on port 37433
1623856815844	Marionette	INFO	Stopped listening on port 46167

###!!! [Parent][RunMessage] Error: Channel closing: too late to send/recv, messages will be lost

1623856816388	Marionette	INFO	Stopped listening on port 45791

###!!! [Parent][RunMessage] Error: Channel closing: too late to send/recv, messages will be lost

1623857644273	geckodriver	INFO	Listening on 127.0.0.1:37509
1623857644275	mozrunner::runner	INFO	Running command: "/usr/bin/firefox" "--marionette" "-foreground" "-no-remote" "-profile" "/tmp/rust_mozprofile0qsc9o"
1623857644983	Marionette	INFO	Marionette enabled
console.info: MINT: Trying to use the system region (based on LANG).
console.info: MINT: System region is FR
console.warn: SearchSettings: "get: No settings file exists, new profile?" (new NotFoundError("Could not open the file at /tmp/rust_mozprofile0qsc9o/search.json.mozlz4", (void 0)))
console.info: MINT: Loading search-config defaults.
JavaScript error: resource://gre/modules/TelemetryUtils.jsm, line 154: TypeError: date is undefined
1623857646533	Marionette	INFO	Listening on port 42573
1623857646658	Marionette	WARN	TLS certificate errors will be ignored for this session
JavaScript error: https://cdnjs.cloudflare.com/ajax/libs/jquery-easing/1.4.1/jquery.easing.min.js, line 1: TypeError: $.easing is undefined
JavaScript error: resource://gre/actors/AutoCompleteChild.jsm, line 125: Error: Invalid autocomplete selectedIndex
JavaScript error: https://cdnjs.cloudflare.com/ajax/libs/jquery-easing/1.4.1/jquery.easing.min.js, line 1: TypeError: $.easing is undefined
JavaScript error: https://cdnjs.cloudflare.com/ajax/libs/jquery-easing/1.4.1/jquery.easing.min.js, line 1: TypeError: $.easing is undefined
console.info: MINT: main/search-config update being skipped
1623858375415	geckodriver	INFO	Listening on 127.0.0.1:39973
1623858375418	mozrunner::runner	INFO	Running command: "/usr/bin/firefox" "--marionette" "-foreground" "-no-remote" "-profile" "/tmp/rust_mozprofileIYOL69"
1623858376110	Marionette	INFO	Marionette enabled
console.info: MINT: Trying to use the system region (based on LANG).
console.info: MINT: System region is FR
console.warn: SearchSettings: "get: No settings file exists, new profile?" (new NotFoundError("Could not open the file at /tmp/rust_mozprofileIYOL69/search.json.mozlz4", (void 0)))
console.info: MINT: Loading search-config defaults.
JavaScript error: resource://gre/modules/TelemetryUtils.jsm, line 154: TypeError: date is undefined
1623858377817	Marionette	INFO	Listening on port 41339
1623858377851	Marionette	WARN	TLS certificate errors will be ignored for this session
JavaScript error: https://cdnjs.cloudflare.com/ajax/libs/jquery-easing/1.4.1/jquery.easing.min.js, line 1: TypeError: $.easing is undefined
JavaScript error: resource://gre/actors/AutoCompleteChild.jsm, line 125: Error: Invalid autocomplete selectedIndex
JavaScript error: https://cdnjs.cloudflare.com/ajax/libs/jquery-easing/1.4.1/jquery.easing.min.js, line 1: TypeError: $.easing is undefined
JavaScript error: https://cdnjs.cloudflare.com/ajax/libs/jquery-easing/1.4.1/jquery.easing.min.js, line 1: TypeError: $.easing is undefined
JavaScript error: https://cdnjs.cloudflare.com/ajax/libs/jquery-easing/1.4.1/jquery.easing.min.js, line 1: TypeError: $.easing is undefined
1623858525930	geckodriver	INFO	Listening on 127.0.0.1:40769
1623858525933	mozrunner::runner	INFO	Running command: "/usr/bin/firefox" "--marionette" "-foreground" "-no-remote" "-profile" "/tmp/rust_mozprofileTf60Kt"
1623858526659	Marionette	INFO	Marionette enabled
console.info: MINT: Trying to use the system region (based on LANG).
console.info: MINT: System region is FR
console.warn: SearchSettings: "get: No settings file exists, new profile?" (new NotFoundError("Could not open the file at /tmp/rust_mozprofileTf60Kt/search.json.mozlz4", (void 0)))
console.info: MINT: Loading search-config defaults.
JavaScript error: resource://gre/modules/TelemetryUtils.jsm, line 154: TypeError: date is undefined
1623858528375	Marionette	INFO	Listening on port 44665
1623858528460	Marionette	WARN	TLS certificate errors will be ignored for this session
JavaScript error: https://cdnjs.cloudflare.com/ajax/libs/jquery-easing/1.4.1/jquery.easing.min.js, line 1: TypeError: $.easing is undefined
JavaScript error: resource://gre/actors/AutoCompleteChild.jsm, line 125: Error: Invalid autocomplete selectedIndex
JavaScript error: https://cdnjs.cloudflare.com/ajax/libs/jquery-easing/1.4.1/jquery.easing.min.js, line 1: TypeError: $.easing is undefined
1623858563100	geckodriver	INFO	Listening on 127.0.0.1:36731
1623858563103	mozrunner::runner	INFO	Running command: "/usr/bin/firefox" "--marionette" "-foreground" "-no-remote" "-profile" "/tmp/rust_mozprofiledMzsXq"
1623858563818	Marionette	INFO	Marionette enabled
console.info: MINT: Trying to use the system region (based on LANG).
console.info: MINT: System region is FR
console.warn: SearchSettings: "get: No settings file exists, new profile?" (new NotFoundError("Could not open the file at /tmp/rust_mozprofiledMzsXq/search.json.mozlz4", (void 0)))
1623858565641	Marionette	INFO	Listening on port 42661
1623858565735	Marionette	WARN	TLS certificate errors will be ignored for this session
console.info: MINT: Loading search-config defaults.
JavaScript error: resource://gre/modules/TelemetryUtils.jsm, line 154: TypeError: date is undefined
JavaScript error: https://cdnjs.cloudflare.com/ajax/libs/jquery-easing/1.4.1/jquery.easing.min.js, line 1: TypeError: $.easing is undefined
JavaScript error: resource://gre/actors/AutoCompleteChild.jsm, line 125: Error: Invalid autocomplete selectedIndex
JavaScript error: https://cdnjs.cloudflare.com/ajax/libs/jquery-easing/1.4.1/jquery.easing.min.js, line 1: TypeError: $.easing is undefined
JavaScript error: https://cdnjs.cloudflare.com/ajax/libs/jquery-easing/1.4.1/jquery.easing.min.js, line 1: TypeError: $.easing is undefined
console.info: MINT: main/search-config update being skipped
1623858779599	Marionette	INFO	Stopped listening on port 42573
1623858780133	Marionette	INFO	Stopped listening on port 41339
1623858780717	Marionette	INFO	Stopped listening on port 44665
1623858781474	Marionette	INFO	Stopped listening on port 42661

###!!! [Parent][RunMessage] Error: Channel closing: too late to send/recv, messages will be lost

1623858786549	geckodriver	INFO	Listening on 127.0.0.1:49791
1623858786552	mozrunner::runner	INFO	Running command: "/usr/bin/firefox" "--marionette" "-foreground" "-no-remote" "-profile" "/tmp/rust_mozprofileOw90Xm"
1623858787242	Marionette	INFO	Marionette enabled
console.info: MINT: Trying to use the system region (based on LANG).
console.info: MINT: System region is FR
console.warn: SearchSettings: "get: No settings file exists, new profile?" (new NotFoundError("Could not open the file at /tmp/rust_mozprofileOw90Xm/search.json.mozlz4", (void 0)))
console.info: MINT: Loading search-config defaults.
JavaScript error: resource://gre/modules/TelemetryUtils.jsm, line 154: TypeError: date is undefined
1623858788726	Marionette	INFO	Listening on port 39391
1623858788776	Marionette	WARN	TLS certificate errors will be ignored for this session
JavaScript error: https://cdnjs.cloudflare.com/ajax/libs/jquery-easing/1.4.1/jquery.easing.min.js, line 1: TypeError: $.easing is undefined
1623858798390	geckodriver	INFO	Listening on 127.0.0.1:35041
1623858798396	mozrunner::runner	INFO	Running command: "/usr/bin/firefox" "--marionette" "-foreground" "-no-remote" "-profile" "/tmp/rust_mozprofileYcSf0t"
1623858799122	Marionette	INFO	Marionette enabled
console.info: MINT: Trying to use the system region (based on LANG).
console.info: MINT: System region is FR
console.warn: SearchSettings: "get: No settings file exists, new profile?" (new NotFoundError("Could not open the file at /tmp/rust_mozprofileYcSf0t/search.json.mozlz4", (void 0)))
console.info: MINT: Loading search-config defaults.
1623858800891	Marionette	INFO	Listening on port 46663
1623858800976	Marionette	WARN	TLS certificate errors will be ignored for this session
JavaScript error: resource://gre/modules/TelemetryUtils.jsm, line 154: TypeError: date is undefined
JavaScript error: https://cdnjs.cloudflare.com/ajax/libs/jquery-easing/1.4.1/jquery.easing.min.js, line 1: TypeError: $.easing is undefined
1623858804989	geckodriver	INFO	Listening on 127.0.0.1:46479
1623858804993	mozrunner::runner	INFO	Running command: "/usr/bin/firefox" "--marionette" "-foreground" "-no-remote" "-profile" "/tmp/rust_mozprofileQy44Jv"
1623858805783	Marionette	INFO	Marionette enabled
console.info: MINT: Trying to use the system region (based on LANG).
console.info: MINT: System region is FR
console.warn: SearchSettings: "get: No settings file exists, new profile?" (new NotFoundError("Could not open the file at /tmp/rust_mozprofileQy44Jv/search.json.mozlz4", (void 0)))
console.info: MINT: Loading search-config defaults.
1623858808014	Marionette	INFO	Listening on port 46287
1623858808139	Marionette	WARN	TLS certificate errors will be ignored for this session
JavaScript error: resource://gre/modules/TelemetryUtils.jsm, line 154: TypeError: date is undefined
JavaScript error: https://cdnjs.cloudflare.com/ajax/libs/jquery-easing/1.4.1/jquery.easing.min.js, line 1: TypeError: $.easing is undefined
JavaScript error: resource://gre/actors/AutoCompleteChild.jsm, line 125: Error: Invalid autocomplete selectedIndex
JavaScript error: https://cdnjs.cloudflare.com/ajax/libs/jquery-easing/1.4.1/jquery.easing.min.js, line 1: TypeError: $.easing is undefined
1623858917531	geckodriver	INFO	Listening on 127.0.0.1:34747
1623858917533	mozrunner::runner	INFO	Running command: "/usr/bin/firefox" "--marionette" "-foreground" "-no-remote" "-profile" "/tmp/rust_mozprofileHRqnFY"
1623858918235	Marionette	INFO	Marionette enabled
console.info: MINT: Trying to use the system region (based on LANG).
console.info: MINT: System region is FR
console.warn: SearchSettings: "get: No settings file exists, new profile?" (new NotFoundError("Could not open the file at /tmp/rust_mozprofileHRqnFY/search.json.mozlz4", (void 0)))
console.info: MINT: Loading search-config defaults.
JavaScript error: resource://gre/modules/TelemetryUtils.jsm, line 154: TypeError: date is undefined
1623858920318	Marionette	INFO	Listening on port 38769
1623858920371	Marionette	WARN	TLS certificate errors will be ignored for this session
JavaScript error: https://cdnjs.cloudflare.com/ajax/libs/jquery-easing/1.4.1/jquery.easing.min.js, line 1: TypeError: $.easing is undefined
JavaScript error: resource://gre/actors/AutoCompleteChild.jsm, line 125: Error: Invalid autocomplete selectedIndex
JavaScript error: https://cdnjs.cloudflare.com/ajax/libs/jquery-easing/1.4.1/jquery.easing.min.js, line 1: TypeError: $.easing is undefined
JavaScript error: https://cdnjs.cloudflare.com/ajax/libs/jquery-easing/1.4.1/jquery.easing.min.js, line 1: TypeError: $.easing is undefined
JavaScript error: https://cdnjs.cloudflare.com/ajax/libs/jquery-easing/1.4.1/jquery.easing.min.js, line 1: TypeError: $.easing is undefined
JavaScript error: https://cdnjs.cloudflare.com/ajax/libs/jquery-easing/1.4.1/jquery.easing.min.js, line 1: TypeError: $.easing is undefined
JavaScript error: https://cdnjs.cloudflare.com/ajax/libs/jquery-easing/1.4.1/jquery.easing.min.js, line 1: TypeError: $.easing is undefined
console.info: MINT: main/search-config update being skipped
console.info: MINT: main/search-config update being skipped
console.info: MINT: main/search-config update being skipped
1623859091089	geckodriver	INFO	Listening on 127.0.0.1:43443
1623859091092	mozrunner::runner	INFO	Running command: "/usr/bin/firefox" "--marionette" "-foreground" "-no-remote" "-profile" "/tmp/rust_mozprofiletymyP9"
1623859091834	Marionette	INFO	Marionette enabled
console.info: MINT: Trying to use the system region (based on LANG).
console.info: MINT: System region is FR
console.warn: SearchSettings: "get: No settings file exists, new profile?" (new NotFoundError("Could not open the file at /tmp/rust_mozprofiletymyP9/search.json.mozlz4", (void 0)))
1623859093689	Marionette	INFO	Listening on port 37753
1623859094010	Marionette	WARN	TLS certificate errors will be ignored for this session
console.info: MINT: Loading search-config defaults.
JavaScript error: resource://gre/modules/TelemetryUtils.jsm, line 154: TypeError: date is undefined
JavaScript error: https://cdnjs.cloudflare.com/ajax/libs/jquery-easing/1.4.1/jquery.easing.min.js, line 1: TypeError: $.easing is undefined
JavaScript error: resource://gre/actors/AutoCompleteChild.jsm, line 125: Error: Invalid autocomplete selectedIndex
JavaScript error: https://cdnjs.cloudflare.com/ajax/libs/jquery-easing/1.4.1/jquery.easing.min.js, line 1: TypeError: $.easing is undefined
JavaScript error: https://cdnjs.cloudflare.com/ajax/libs/jquery-easing/1.4.1/jquery.easing.min.js, line 1: TypeError: $.easing is undefined
JavaScript error: https://cdnjs.cloudflare.com/ajax/libs/jquery-easing/1.4.1/jquery.easing.min.js, line 1: TypeError: $.easing is undefined
console.info: MINT: main/search-config update being skipped
console.info: MINT: main/search-config update being skipped
1623859898019	Marionette	INFO	Stopped listening on port 37753
1623859903823	Marionette	INFO	Stopped listening on port 38769
1623860058134	Marionette	INFO	Stopped listening on port 39391
1623860062187	Marionette	INFO	Stopped listening on port 46287
1623860063087	Marionette	INFO	Stopped listening on port 46663

###!!! [Parent][RunMessage] Error: Channel closing: too late to send/recv, messages will be lost

1623931433818	geckodriver	INFO	Listening on 127.0.0.1:53051
1623931434827	mozrunner::runner	INFO	Running command: "/usr/bin/firefox" "--marionette" "-foreground" "-no-remote" "-profile" "/tmp/rust_mozprofilePBhbfk"
1623931435933	Marionette	INFO	Marionette enabled
console.info: MINT: Trying to use the system region (based on LANG).
console.info: MINT: System region is FR
console.warn: SearchSettings: "get: No settings file exists, new profile?" (new NotFoundError("Could not open the file at /tmp/rust_mozprofilePBhbfk/search.json.mozlz4", (void 0)))
console.info: MINT: Loading search-config defaults.
JavaScript error: resource://gre/modules/TelemetryUtils.jsm, line 154: TypeError: date is undefined
1623931438815	Marionette	INFO	Listening on port 41619
1623931438885	Marionette	WARN	TLS certificate errors will be ignored for this session
JavaScript error: https://cdnjs.cloudflare.com/ajax/libs/jquery-easing/1.4.1/jquery.easing.min.js, line 1: TypeError: $.easing is undefined
JavaScript error: resource://gre/actors/AutoCompleteChild.jsm, line 125: Error: Invalid autocomplete selectedIndex
JavaScript error: https://cdnjs.cloudflare.com/ajax/libs/jquery-easing/1.4.1/jquery.easing.min.js, line 1: TypeError: $.easing is undefined
JavaScript error: https://cdnjs.cloudflare.com/ajax/libs/jquery-easing/1.4.1/jquery.easing.min.js, line 1: TypeError: $.easing is undefined
JavaScript error: https://cdnjs.cloudflare.com/ajax/libs/jquery-easing/1.4.1/jquery.easing.min.js, line 1: TypeError: $.easing is undefined
console.info: MINT: main/search-config update being skipped
JavaScript error: https://cdnjs.cloudflare.com/ajax/libs/jquery-easing/1.4.1/jquery.easing.min.js, line 1: TypeError: $.easing is undefined
1623936094191	Marionette	INFO	Stopped listening on port 41619

###!!! [Parent][RunMessage] Error: Channel closing: too late to send/recv, messages will be lost

1628256049678	geckodriver	INFO	Listening on 127.0.0.1:44185
1628256050689	mozrunner::runner	INFO	Running command: "/usr/bin/firefox" "--marionette" "-foreground" "-no-remote" "-profile" "/tmp/rust_mozprofilemuWYUQ"
1628256051372	Marionette	INFO	Marionette enabled
console.info: MINT: Trying to use the system region (based on LANG).
console.info: MINT: System region is FR
console.warn: SearchSettings: "get: No settings file exists, new profile?" (new NotFoundError("Could not open the file at /tmp/rust_mozprofilemuWYUQ/search.json.mozlz4", (void 0)))
console.info: MINT: Loading search-config defaults.
JavaScript error: resource://gre/modules/TelemetryUtils.jsm, line 154: TypeError: date is undefined
1628256052974	Marionette	INFO	Listening on port 33779
1628256053013	Marionette	WARN	TLS certificate errors will be ignored for this session
JavaScript error: https://cdnjs.cloudflare.com/ajax/libs/jquery-easing/1.4.1/jquery.easing.min.js, line 1: TypeError: $.easing is undefined
JavaScript error: resource://gre/actors/AutoCompleteChild.jsm, line 125: Error: Invalid autocomplete selectedIndex
JavaScript error: https://cdnjs.cloudflare.com/ajax/libs/jquery-easing/1.4.1/jquery.easing.min.js, line 1: TypeError: $.easing is undefined
JavaScript error: https://cdnjs.cloudflare.com/ajax/libs/jquery-easing/1.4.1/jquery.easing.min.js, line 1: TypeError: $.easing is undefined
JavaScript error: https://cdnjs.cloudflare.com/ajax/libs/jquery-easing/1.4.1/jquery.easing.min.js, line 1: TypeError: $.easing is undefined
1628256081369	Marionette	INFO	Stopped listening on port 33779

###!!! [Parent][RunMessage] Error: Channel closing: too late to send/recv, messages will be lost

1628511113751	geckodriver	INFO	Listening on 127.0.0.1:39261
1628511114764	mozrunner::runner	INFO	Running command: "/usr/bin/firefox" "--marionette" "-foreground" "-no-remote" "-profile" "/tmp/rust_mozprofileZNa0iq"
1628511115618	Marionette	INFO	Marionette enabled
console.info: MINT: Trying to use the system region (based on LANG).
console.info: MINT: System region is FR
console.warn: SearchSettings: "get: No settings file exists, new profile?" (new NotFoundError("Could not open the file at /tmp/rust_mozprofileZNa0iq/search.json.mozlz4", (void 0)))
console.info: MINT: Loading search-config defaults.
JavaScript error: resource://gre/modules/TelemetryUtils.jsm, line 154: TypeError: date is undefined
1628511117747	Marionette	INFO	Listening on port 39985
1628511117841	Marionette	WARN	TLS certificate errors will be ignored for this session
JavaScript error: https://cdnjs.cloudflare.com/ajax/libs/jquery-easing/1.4.1/jquery.easing.min.js, line 1: TypeError: $.easing is undefined
JavaScript error: resource://gre/actors/AutoCompleteChild.jsm, line 125: Error: Invalid autocomplete selectedIndex
JavaScript error: https://cdnjs.cloudflare.com/ajax/libs/jquery-easing/1.4.1/jquery.easing.min.js, line 1: TypeError: $.easing is undefined
JavaScript error: https://cdnjs.cloudflare.com/ajax/libs/jquery-easing/1.4.1/jquery.easing.min.js, line 1: TypeError: $.easing is undefined
JavaScript error: https://cdnjs.cloudflare.com/ajax/libs/jquery-easing/1.4.1/jquery.easing.min.js, line 1: TypeError: $.easing is undefined
1628511244781	geckodriver	INFO	Listening on 127.0.0.1:37379
1628511244787	mozrunner::runner	INFO	Running command: "/usr/bin/firefox" "--marionette" "-foreground" "-no-remote" "-profile" "/tmp/rust_mozprofile0mKB73"
1628511245667	Marionette	INFO	Marionette enabled
console.info: MINT: Trying to use the system region (based on LANG).
console.info: MINT: System region is FR
console.warn: SearchSettings: "get: No settings file exists, new profile?" (new NotFoundError("Could not open the file at /tmp/rust_mozprofile0mKB73/search.json.mozlz4", (void 0)))
console.info: MINT: Loading search-config defaults.
JavaScript error: resource://gre/modules/TelemetryUtils.jsm, line 154: TypeError: date is undefined
1628511248013	Marionette	INFO	Listening on port 34063
1628511248142	Marionette	WARN	TLS certificate errors will be ignored for this session
JavaScript error: https://cdnjs.cloudflare.com/ajax/libs/jquery-easing/1.4.1/jquery.easing.min.js, line 1: TypeError: $.easing is undefined
JavaScript error: resource://gre/actors/AutoCompleteChild.jsm, line 125: Error: Invalid autocomplete selectedIndex
JavaScript error: https://cdnjs.cloudflare.com/ajax/libs/jquery-easing/1.4.1/jquery.easing.min.js, line 1: TypeError: $.easing is undefined
JavaScript error: https://cdnjs.cloudflare.com/ajax/libs/jquery-easing/1.4.1/jquery.easing.min.js, line 1: TypeError: $.easing is undefined
JavaScript error: https://cdnjs.cloudflare.com/ajax/libs/jquery-easing/1.4.1/jquery.easing.min.js, line 1: TypeError: $.easing is undefined
1628511301805	Marionette	INFO	Stopped listening on port 39985
1628511306657	Marionette	INFO	Stopped listening on port 34063
1628514696970	geckodriver	INFO	Listening on 127.0.0.1:45497
1628514696972	mozrunner::runner	INFO	Running command: "/usr/bin/firefox" "--marionette" "-foreground" "-no-remote" "-profile" "/tmp/rust_mozprofileakPZQK"
1628514697650	Marionette	INFO	Marionette enabled
console.info: MINT: Trying to use the system region (based on LANG).
console.info: MINT: System region is FR
console.warn: SearchSettings: "get: No settings file exists, new profile?" (new NotFoundError("Could not open the file at /tmp/rust_mozprofileakPZQK/search.json.mozlz4", (void 0)))
console.info: MINT: Loading search-config defaults.
JavaScript error: resource://gre/modules/TelemetryUtils.jsm, line 154: TypeError: date is undefined
1628514699279	Marionette	INFO	Listening on port 36205
1628514699407	Marionette	WARN	TLS certificate errors will be ignored for this session
JavaScript error: https://cdnjs.cloudflare.com/ajax/libs/jquery-easing/1.4.1/jquery.easing.min.js, line 1: TypeError: $.easing is undefined
JavaScript error: resource://gre/actors/AutoCompleteChild.jsm, line 125: Error: Invalid autocomplete selectedIndex
JavaScript error: https://cdnjs.cloudflare.com/ajax/libs/jquery-easing/1.4.1/jquery.easing.min.js, line 1: TypeError: $.easing is undefined
JavaScript error: https://cdnjs.cloudflare.com/ajax/libs/jquery-easing/1.4.1/jquery.easing.min.js, line 1: TypeError: $.easing is undefined
JavaScript error: https://cdnjs.cloudflare.com/ajax/libs/jquery-easing/1.4.1/jquery.easing.min.js, line 1: TypeError: $.easing is undefined
console.error: services.settings: 
  main/doh-providers Signature failed  InvalidSignatureError: Invalid content signature (main/doh-providers)
console.error: services.settings: 
  main/doh-providers local data was corrupted
console.warn: services.settings: main/doh-providers Signature verified failed. Retry from scratch
console.error: services.settings: 
  main/doh-config Signature failed  InvalidSignatureError: Invalid content signature (main/doh-config)
console.error: services.settings: 
  main/doh-config local data was corrupted
console.warn: services.settings: main/doh-config Signature verified failed. Retry from scratch
console.info: MINT: main/search-config update being skipped
console.log: WebExtensions: reset-default-search: starting.
console.log: WebExtensions: reset-default-search: No addons in our list are installed.
1628515144575	geckodriver	INFO	Listening on 127.0.0.1:55837
1628515144577	mozrunner::runner	INFO	Running command: "/usr/bin/firefox" "--marionette" "-foreground" "-no-remote" "-profile" "/tmp/rust_mozprofile5rBvmm"
1628515145248	Marionette	INFO	Marionette enabled
console.info: MINT: Trying to use the system region (based on LANG).
console.info: MINT: System region is FR
console.warn: SearchSettings: "get: No settings file exists, new profile?" (new NotFoundError("Could not open the file at /tmp/rust_mozprofile5rBvmm/search.json.mozlz4", (void 0)))
console.info: MINT: Loading search-config defaults.
JavaScript error: resource://gre/modules/TelemetryUtils.jsm, line 154: TypeError: date is undefined
1628515147176	Marionette	INFO	Listening on port 40181
1628515147219	Marionette	WARN	TLS certificate errors will be ignored for this session
JavaScript error: https://cdnjs.cloudflare.com/ajax/libs/jquery-easing/1.4.1/jquery.easing.min.js, line 1: TypeError: $.easing is undefined
JavaScript error: resource://gre/actors/AutoCompleteChild.jsm, line 125: Error: Invalid autocomplete selectedIndex
JavaScript error: https://cdnjs.cloudflare.com/ajax/libs/jquery-easing/1.4.1/jquery.easing.min.js, line 1: TypeError: $.easing is undefined
1628515293304	geckodriver	INFO	Listening on 127.0.0.1:32877
1628515293306	mozrunner::runner	INFO	Running command: "/usr/bin/firefox" "--marionette" "-foreground" "-no-remote" "-profile" "/tmp/rust_mozprofileTuyATv"
1628515293948	Marionette	INFO	Marionette enabled
console.info: MINT: Trying to use the system region (based on LANG).
console.info: MINT: System region is FR
console.warn: SearchSettings: "get: No settings file exists, new profile?" (new NotFoundError("Could not open the file at /tmp/rust_mozprofileTuyATv/search.json.mozlz4", (void 0)))
console.info: MINT: Loading search-config defaults.
JavaScript error: resource://gre/modules/TelemetryUtils.jsm, line 154: TypeError: date is undefined
1628515295522	Marionette	INFO	Listening on port 44629
1628515295662	Marionette	WARN	TLS certificate errors will be ignored for this session
JavaScript error: https://cdnjs.cloudflare.com/ajax/libs/jquery-easing/1.4.1/jquery.easing.min.js, line 1: TypeError: $.easing is undefined
JavaScript error: resource://gre/actors/AutoCompleteChild.jsm, line 125: Error: Invalid autocomplete selectedIndex
JavaScript error: https://cdnjs.cloudflare.com/ajax/libs/jquery-easing/1.4.1/jquery.easing.min.js, line 1: TypeError: $.easing is undefined
1628515332447	geckodriver	INFO	Listening on 127.0.0.1:59269
1628515332449	mozrunner::runner	INFO	Running command: "/usr/bin/firefox" "--marionette" "-foreground" "-no-remote" "-profile" "/tmp/rust_mozprofile5AACn2"
1628515333131	Marionette	INFO	Marionette enabled
console.info: MINT: Trying to use the system region (based on LANG).
console.info: MINT: System region is FR
console.warn: SearchSettings: "get: No settings file exists, new profile?" (new NotFoundError("Could not open the file at /tmp/rust_mozprofile5AACn2/search.json.mozlz4", (void 0)))
console.info: MINT: Loading search-config defaults.
JavaScript error: resource://gre/modules/TelemetryUtils.jsm, line 154: TypeError: date is undefined
1628515334700	Marionette	INFO	Listening on port 33981
1628515334785	Marionette	WARN	TLS certificate errors will be ignored for this session
JavaScript error: https://cdnjs.cloudflare.com/ajax/libs/jquery-easing/1.4.1/jquery.easing.min.js, line 1: TypeError: $.easing is undefined
JavaScript error: resource://gre/actors/AutoCompleteChild.jsm, line 125: Error: Invalid autocomplete selectedIndex
JavaScript error: https://cdnjs.cloudflare.com/ajax/libs/jquery-easing/1.4.1/jquery.easing.min.js, line 1: TypeError: $.easing is undefined
JavaScript error: https://cdnjs.cloudflare.com/ajax/libs/jquery-easing/1.4.1/jquery.easing.min.js, line 1: TypeError: $.easing is undefined
JavaScript error: https://cdnjs.cloudflare.com/ajax/libs/jquery-easing/1.4.1/jquery.easing.min.js, line 1: TypeError: $.easing is undefined
1628515352301	Marionette	INFO	Stopped listening on port 33981

###!!! [Parent][RunMessage] Error: Channel closing: too late to send/recv, messages will be lost

1628515355903	Marionette	INFO	Stopped listening on port 36205

###!!! [Parent][RunMessage] Error: Channel closing: too late to send/recv, messages will be lost

1628515356633	Marionette	INFO	Stopped listening on port 40181
1628515359921	Marionette	INFO	Stopped listening on port 44629
1628515619394	geckodriver	INFO	Listening on 127.0.0.1:56831
1628515619397	mozrunner::runner	INFO	Running command: "/usr/bin/firefox" "--marionette" "-foreground" "-no-remote" "-profile" "/tmp/rust_mozprofilerb3DyS"
1628515620079	Marionette	INFO	Marionette enabled
console.info: MINT: Trying to use the system region (based on LANG).
console.info: MINT: System region is FR
console.warn: SearchSettings: "get: No settings file exists, new profile?" (new NotFoundError("Could not open the file at /tmp/rust_mozprofilerb3DyS/search.json.mozlz4", (void 0)))
console.info: MINT: Loading search-config defaults.
JavaScript error: resource://gre/modules/TelemetryUtils.jsm, line 154: TypeError: date is undefined
1628515622006	Marionette	INFO	Listening on port 33441
1628515622130	Marionette	WARN	TLS certificate errors will be ignored for this session
JavaScript error: https://cdnjs.cloudflare.com/ajax/libs/jquery-easing/1.4.1/jquery.easing.min.js, line 1: TypeError: $.easing is undefined
JavaScript error: resource://gre/actors/AutoCompleteChild.jsm, line 125: Error: Invalid autocomplete selectedIndex
JavaScript error: https://cdnjs.cloudflare.com/ajax/libs/jquery-easing/1.4.1/jquery.easing.min.js, line 1: TypeError: $.easing is undefined
JavaScript error: https://cdnjs.cloudflare.com/ajax/libs/jquery-easing/1.4.1/jquery.easing.min.js, line 1: TypeError: $.easing is undefined
JavaScript error: https://cdnjs.cloudflare.com/ajax/libs/jquery-easing/1.4.1/jquery.easing.min.js, line 1: TypeError: $.easing is undefined
1628515633986	Marionette	INFO	Stopped listening on port 33441
1628515839654	geckodriver	INFO	Listening on 127.0.0.1:42019
1628515839657	mozrunner::runner	INFO	Running command: "/usr/bin/firefox" "--marionette" "-foreground" "-no-remote" "-profile" "/tmp/rust_mozprofileDNbQAQ"
1628515840327	Marionette	INFO	Marionette enabled
console.info: MINT: Trying to use the system region (based on LANG).
console.info: MINT: System region is FR
console.warn: SearchSettings: "get: No settings file exists, new profile?" (new NotFoundError("Could not open the file at /tmp/rust_mozprofileDNbQAQ/search.json.mozlz4", (void 0)))
console.info: MINT: Loading search-config defaults.
1628515842310	Marionette	INFO	Listening on port 36573
1628515842451	Marionette	WARN	TLS certificate errors will be ignored for this session
JavaScript error: resource://gre/modules/TelemetryUtils.jsm, line 154: TypeError: date is undefined
JavaScript error: https://cdnjs.cloudflare.com/ajax/libs/jquery-easing/1.4.1/jquery.easing.min.js, line 1: TypeError: $.easing is undefined
JavaScript error: resource://gre/actors/AutoCompleteChild.jsm, line 125: Error: Invalid autocomplete selectedIndex
JavaScript error: https://cdnjs.cloudflare.com/ajax/libs/jquery-easing/1.4.1/jquery.easing.min.js, line 1: TypeError: $.easing is undefined
JavaScript error: https://cdnjs.cloudflare.com/ajax/libs/jquery-easing/1.4.1/jquery.easing.min.js, line 1: TypeError: $.easing is undefined
JavaScript error: https://cdnjs.cloudflare.com/ajax/libs/jquery-easing/1.4.1/jquery.easing.min.js, line 1: TypeError: $.easing is undefined
1628516047561	geckodriver	INFO	Listening on 127.0.0.1:42215
1628516047564	mozrunner::runner	INFO	Running command: "/usr/bin/firefox" "--marionette" "-foreground" "-no-remote" "-profile" "/tmp/rust_mozprofilegcyehp"
1628516048259	Marionette	INFO	Marionette enabled
console.info: MINT: Trying to use the system region (based on LANG).
console.info: MINT: System region is FR
console.warn: SearchSettings: "get: No settings file exists, new profile?" (new NotFoundError("Could not open the file at /tmp/rust_mozprofilegcyehp/search.json.mozlz4", (void 0)))
console.info: MINT: Loading search-config defaults.
JavaScript error: resource://gre/modules/TelemetryUtils.jsm, line 154: TypeError: date is undefined
1628516049837	Marionette	INFO	Listening on port 44827
1628516049913	Marionette	WARN	TLS certificate errors will be ignored for this session
JavaScript error: https://cdnjs.cloudflare.com/ajax/libs/jquery-easing/1.4.1/jquery.easing.min.js, line 1: TypeError: $.easing is undefined
JavaScript error: resource://gre/actors/AutoCompleteChild.jsm, line 125: Error: Invalid autocomplete selectedIndex
JavaScript error: https://cdnjs.cloudflare.com/ajax/libs/jquery-easing/1.4.1/jquery.easing.min.js, line 1: TypeError: $.easing is undefined
JavaScript error: https://cdnjs.cloudflare.com/ajax/libs/jquery-easing/1.4.1/jquery.easing.min.js, line 1: TypeError: $.easing is undefined
JavaScript error: https://cdnjs.cloudflare.com/ajax/libs/jquery-easing/1.4.1/jquery.easing.min.js, line 1: TypeError: $.easing is undefined
1628516069279	Marionette	INFO	Stopped listening on port 44827

###!!! [Parent][RunMessage] Error: Channel closing: too late to send/recv, messages will be lost

1628516107298	geckodriver	INFO	Listening on 127.0.0.1:45915
1628516107301	mozrunner::runner	INFO	Running command: "/usr/bin/firefox" "--marionette" "-foreground" "-no-remote" "-profile" "/tmp/rust_mozprofile9okbuA"
1628516107957	Marionette	INFO	Marionette enabled
console.info: MINT: Trying to use the system region (based on LANG).
console.info: MINT: System region is FR
console.warn: SearchSettings: "get: No settings file exists, new profile?" (new NotFoundError("Could not open the file at /tmp/rust_mozprofile9okbuA/search.json.mozlz4", (void 0)))
console.info: MINT: Loading search-config defaults.
JavaScript error: resource://gre/modules/TelemetryUtils.jsm, line 154: TypeError: date is undefined
1628516109506	Marionette	INFO	Listening on port 36491
1628516109553	Marionette	WARN	TLS certificate errors will be ignored for this session
JavaScript error: https://cdnjs.cloudflare.com/ajax/libs/jquery-easing/1.4.1/jquery.easing.min.js, line 1: TypeError: $.easing is undefined
console.error: services.settings: 
  main/doh-providers Signature failed  InvalidSignatureError: Invalid content signature (main/doh-providers)
console.error: services.settings: 
  main/doh-providers local data was corrupted
console.warn: services.settings: main/doh-providers Signature verified failed. Retry from scratch
console.error: services.settings: 
  main/doh-config Signature failed  InvalidSignatureError: Invalid content signature (main/doh-config)
console.error: services.settings: 
  main/doh-config local data was corrupted
console.warn: services.settings: main/doh-config Signature verified failed. Retry from scratch
console.info: MINT: main/search-config update being skipped
JavaScript error: resource://gre/actors/AutoCompleteChild.jsm, line 125: Error: Invalid autocomplete selectedIndex
JavaScript error: https://cdnjs.cloudflare.com/ajax/libs/jquery-easing/1.4.1/jquery.easing.min.js, line 1: TypeError: $.easing is undefined
JavaScript error: https://cdnjs.cloudflare.com/ajax/libs/jquery-easing/1.4.1/jquery.easing.min.js, line 1: TypeError: $.easing is undefined
JavaScript error: https://cdnjs.cloudflare.com/ajax/libs/jquery-easing/1.4.1/jquery.easing.min.js, line 1: TypeError: $.easing is undefined
1628516190694	geckodriver	INFO	Listening on 127.0.0.1:60107
1628516190696	mozrunner::runner	INFO	Running command: "/usr/bin/firefox" "--marionette" "-foreground" "-no-remote" "-profile" "/tmp/rust_mozprofileeajOKc"
1628516191649	Marionette	INFO	Marionette enabled
console.info: MINT: Trying to use the system region (based on LANG).
console.info: MINT: System region is FR
console.warn: SearchSettings: "get: No settings file exists, new profile?" (new NotFoundError("Could not open the file at /tmp/rust_mozprofileeajOKc/search.json.mozlz4", (void 0)))
console.info: MINT: Loading search-config defaults.
JavaScript error: resource://gre/modules/TelemetryUtils.jsm, line 154: TypeError: date is undefined
1628516193343	Marionette	INFO	Listening on port 36983
1628516193423	Marionette	WARN	TLS certificate errors will be ignored for this session
JavaScript error: https://cdnjs.cloudflare.com/ajax/libs/jquery-easing/1.4.1/jquery.easing.min.js, line 1: TypeError: $.easing is undefined
JavaScript error: resource://gre/actors/AutoCompleteChild.jsm, line 125: Error: Invalid autocomplete selectedIndex
JavaScript error: https://cdnjs.cloudflare.com/ajax/libs/jquery-easing/1.4.1/jquery.easing.min.js, line 1: TypeError: $.easing is undefined
JavaScript error: https://cdnjs.cloudflare.com/ajax/libs/jquery-easing/1.4.1/jquery.easing.min.js, line 1: TypeError: $.easing is undefined
JavaScript error: https://cdnjs.cloudflare.com/ajax/libs/jquery-easing/1.4.1/jquery.easing.min.js, line 1: TypeError: $.easing is undefined
1628516206663	Marionette	INFO	Stopped listening on port 36983

###!!! [Parent][RunMessage] Error: Channel closing: too late to send/recv, messages will be lost

console.log: WebExtensions: reset-default-search: starting.
console.log: WebExtensions: reset-default-search: No addons in our list are installed.
console.error: services.settings: 
  main/doh-providers Signature failed  InvalidSignatureError: Invalid content signature (main/doh-providers)
console.error: services.settings: 
  main/doh-providers local data was corrupted
console.warn: services.settings: main/doh-providers Signature verified failed. Retry from scratch
console.error: services.settings: 
  main/doh-config Signature failed  InvalidSignatureError: Invalid content signature (main/doh-config)
console.error: services.settings: 
  main/doh-config local data was corrupted
console.warn: services.settings: main/doh-config Signature verified failed. Retry from scratch
console.info: MINT: main/search-config update being skipped
1628516425287	geckodriver	INFO	Listening on 127.0.0.1:41507
1628516425289	mozrunner::runner	INFO	Running command: "/usr/bin/firefox" "--marionette" "-foreground" "-no-remote" "-profile" "/tmp/rust_mozprofileawsmcs"
1628516425967	Marionette	INFO	Marionette enabled
console.info: MINT: Trying to use the system region (based on LANG).
console.info: MINT: System region is FR
console.warn: SearchSettings: "get: No settings file exists, new profile?" (new NotFoundError("Could not open the file at /tmp/rust_mozprofileawsmcs/search.json.mozlz4", (void 0)))
console.info: MINT: Loading search-config defaults.
JavaScript error: resource://gre/modules/TelemetryUtils.jsm, line 154: TypeError: date is undefined
1628516427537	Marionette	INFO	Listening on port 38647
1628516427635	Marionette	WARN	TLS certificate errors will be ignored for this session
JavaScript error: https://cdnjs.cloudflare.com/ajax/libs/jquery-easing/1.4.1/jquery.easing.min.js, line 1: TypeError: $.easing is undefined
JavaScript error: resource://gre/actors/AutoCompleteChild.jsm, line 125: Error: Invalid autocomplete selectedIndex
JavaScript error: https://cdnjs.cloudflare.com/ajax/libs/jquery-easing/1.4.1/jquery.easing.min.js, line 1: TypeError: $.easing is undefined
JavaScript error: https://cdnjs.cloudflare.com/ajax/libs/jquery-easing/1.4.1/jquery.easing.min.js, line 1: TypeError: $.easing is undefined
JavaScript error: https://cdnjs.cloudflare.com/ajax/libs/jquery-easing/1.4.1/jquery.easing.min.js, line 1: TypeError: $.easing is undefined
console.log: WebExtensions: reset-default-search: starting.
console.log: WebExtensions: reset-default-search: No addons in our list are installed.
console.error: services.settings: 
  main/doh-providers Signature failed  InvalidSignatureError: Invalid content signature (main/doh-providers)
console.error: services.settings: 
  main/doh-providers local data was corrupted
console.warn: services.settings: main/doh-providers Signature verified failed. Retry from scratch
console.error: services.settings: 
  main/doh-config Signature failed  InvalidSignatureError: Invalid content signature (main/doh-config)
console.error: services.settings: 
  main/doh-config local data was corrupted
console.warn: services.settings: main/doh-config Signature verified failed. Retry from scratch
console.info: MINT: main/search-config update being skipped
console.log: WebExtensions: reset-default-search: starting.
console.log: WebExtensions: reset-default-search: No addons in our list are installed.
1628519099450	geckodriver	INFO	Listening on 127.0.0.1:49187
1628519099452	mozrunner::runner	INFO	Running command: "/usr/bin/firefox" "--marionette" "-foreground" "-no-remote" "-profile" "/tmp/rust_mozprofileza6Q5j"
1628519100109	Marionette	INFO	Marionette enabled
console.info: MINT: Trying to use the system region (based on LANG).
console.info: MINT: System region is FR
console.warn: SearchSettings: "get: No settings file exists, new profile?" (new NotFoundError("Could not open the file at /tmp/rust_mozprofileza6Q5j/search.json.mozlz4", (void 0)))
console.info: MINT: Loading search-config defaults.
JavaScript error: resource://gre/modules/TelemetryUtils.jsm, line 154: TypeError: date is undefined
1628519101919	Marionette	INFO	Listening on port 41631
1628519101979	Marionette	WARN	TLS certificate errors will be ignored for this session
JavaScript error: https://cdnjs.cloudflare.com/ajax/libs/jquery-easing/1.4.1/jquery.easing.min.js, line 1: TypeError: $.easing is undefined
JavaScript error: resource://gre/actors/AutoCompleteChild.jsm, line 125: Error: Invalid autocomplete selectedIndex
JavaScript error: https://cdnjs.cloudflare.com/ajax/libs/jquery-easing/1.4.1/jquery.easing.min.js, line 1: TypeError: $.easing is undefined
JavaScript error: https://cdnjs.cloudflare.com/ajax/libs/jquery-easing/1.4.1/jquery.easing.min.js, line 1: TypeError: $.easing is undefined
JavaScript error: https://cdnjs.cloudflare.com/ajax/libs/jquery-easing/1.4.1/jquery.easing.min.js, line 1: TypeError: $.easing is undefined
console.error: services.settings: 
  main/doh-providers Signature failed  InvalidSignatureError: Invalid content signature (main/doh-providers)
console.error: services.settings: 
  main/doh-providers local data was corrupted
console.warn: services.settings: main/doh-providers Signature verified failed. Retry from scratch
console.error: services.settings: 
  main/doh-config Signature failed  InvalidSignatureError: Invalid content signature (main/doh-config)
console.error: services.settings: 
  main/doh-config local data was corrupted
console.warn: services.settings: main/doh-config Signature verified failed. Retry from scratch
console.info: MINT: main/search-config update being skipped
console.log: WebExtensions: reset-default-search: starting.
console.log: WebExtensions: reset-default-search: No addons in our list are installed.
1628520414248	Marionette	INFO	Stopped listening on port 41631
1628520415198	Marionette	INFO	Stopped listening on port 38647
1628520416099	Marionette	INFO	Stopped listening on port 36491

###!!! [Parent][RunMessage] Error: Channel closing: too late to send/recv, messages will be lost

1628520416807	Marionette	INFO	Stopped listening on port 36573
1628602432894	geckodriver	INFO	Listening on 127.0.0.1:53829
1628602433914	mozrunner::runner	INFO	Running command: "/usr/bin/firefox" "--marionette" "-foreground" "-no-remote" "-profile" "/tmp/rust_mozprofile36HcJs"
1628602434610	Marionette	INFO	Marionette enabled
console.info: MINT: Trying to use the system region (based on LANG).
console.info: MINT: System region is FR
console.warn: SearchSettings: "get: No settings file exists, new profile?" (new NotFoundError("Could not open the file at /tmp/rust_mozprofile36HcJs/search.json.mozlz4", (void 0)))
console.info: MINT: Loading search-config defaults.
JavaScript error: resource://gre/modules/TelemetryUtils.jsm, line 154: TypeError: date is undefined
1628602436236	Marionette	INFO	Listening on port 41843
1628602436348	Marionette	WARN	TLS certificate errors will be ignored for this session
JavaScript error: https://cdnjs.cloudflare.com/ajax/libs/jquery-easing/1.4.1/jquery.easing.min.js, line 1: TypeError: $.easing is undefined
JavaScript error: resource://gre/actors/AutoCompleteChild.jsm, line 125: Error: Invalid autocomplete selectedIndex
JavaScript error: https://cdnjs.cloudflare.com/ajax/libs/jquery-easing/1.4.1/jquery.easing.min.js, line 1: TypeError: $.easing is undefined
JavaScript error: https://cdnjs.cloudflare.com/ajax/libs/jquery-easing/1.4.1/jquery.easing.min.js, line 1: TypeError: $.easing is undefined
JavaScript error: https://cdnjs.cloudflare.com/ajax/libs/jquery-easing/1.4.1/jquery.easing.min.js, line 1: TypeError: $.easing is undefined
1628602462053	Marionette	INFO	Stopped listening on port 41843

###!!! [Parent][RunMessage] Error: Channel closing: too late to send/recv, messages will be lost

1629043158115	geckodriver	INFO	Listening on 127.0.0.1:36279
1629043159122	mozrunner::runner	INFO	Running command: "/usr/bin/firefox" "--marionette" "-foreground" "-no-remote" "-profile" "/tmp/rust_mozprofilekQCPky"
1629043159807	Marionette	INFO	Marionette enabled
console.info: MINT: Trying to use the system region (based on LANG).
console.info: MINT: System region is FR
console.warn: SearchSettings: "get: No settings file exists, new profile?" (new NotFoundError("Could not open the file at /tmp/rust_mozprofilekQCPky/search.json.mozlz4", (void 0)))
console.info: MINT: Loading search-config defaults.
JavaScript error: resource://gre/modules/TelemetryUtils.jsm, line 154: TypeError: date is undefined
1629043161175	Marionette	INFO	Listening on port 36761
1629043161253	Marionette	WARN	TLS certificate errors will be ignored for this session
JavaScript error: https://cdnjs.cloudflare.com/ajax/libs/jquery-easing/1.4.1/jquery.easing.min.js, line 1: TypeError: $.easing is undefined
JavaScript error: resource://gre/actors/AutoCompleteChild.jsm, line 125: Error: Invalid autocomplete selectedIndex
JavaScript error: https://cdnjs.cloudflare.com/ajax/libs/jquery-easing/1.4.1/jquery.easing.min.js, line 1: TypeError: $.easing is undefined
JavaScript error: https://cdnjs.cloudflare.com/ajax/libs/jquery-easing/1.4.1/jquery.easing.min.js, line 1: TypeError: $.easing is undefined
JavaScript error: https://cdnjs.cloudflare.com/ajax/libs/jquery-easing/1.4.1/jquery.easing.min.js, line 1: TypeError: $.easing is undefined
1629043188347	Marionette	INFO	Stopped listening on port 36761

###!!! [Parent][RunMessage] Error: Channel closing: too late to send/recv, messages will be lost

1629043871503	geckodriver	INFO	Listening on 127.0.0.1:41161
1629043871506	mozrunner::runner	INFO	Running command: "/usr/bin/firefox" "--marionette" "-foreground" "-no-remote" "-profile" "/tmp/rust_mozprofilegr66HA"
1629043872175	Marionette	INFO	Marionette enabled
console.info: MINT: Trying to use the system region (based on LANG).
console.info: MINT: System region is FR
console.warn: SearchSettings: "get: No settings file exists, new profile?" (new NotFoundError("Could not open the file at /tmp/rust_mozprofilegr66HA/search.json.mozlz4", (void 0)))
console.info: MINT: Loading search-config defaults.
JavaScript error: resource://gre/modules/TelemetryUtils.jsm, line 154: TypeError: date is undefined
1629043873785	Marionette	INFO	Listening on port 41359
1629043873826	Marionette	WARN	TLS certificate errors will be ignored for this session
JavaScript error: https://cdnjs.cloudflare.com/ajax/libs/jquery-easing/1.4.1/jquery.easing.min.js, line 1: TypeError: $.easing is undefined
JavaScript error: resource://gre/actors/AutoCompleteChild.jsm, line 125: Error: Invalid autocomplete selectedIndex
JavaScript error: https://cdnjs.cloudflare.com/ajax/libs/jquery-easing/1.4.1/jquery.easing.min.js, line 1: TypeError: $.easing is undefined
JavaScript error: https://cdnjs.cloudflare.com/ajax/libs/jquery-easing/1.4.1/jquery.easing.min.js, line 1: TypeError: $.easing is undefined
JavaScript error: https://cdnjs.cloudflare.com/ajax/libs/jquery-easing/1.4.1/jquery.easing.min.js, line 1: TypeError: $.easing is undefined
1629043954087	geckodriver	INFO	Listening on 127.0.0.1:41281
1629043954090	mozrunner::runner	INFO	Running command: "/usr/bin/firefox" "--marionette" "-foreground" "-no-remote" "-profile" "/tmp/rust_mozprofile4ElOtF"
1629043954740	Marionette	INFO	Marionette enabled
console.info: MINT: Trying to use the system region (based on LANG).
console.info: MINT: System region is FR
console.warn: SearchSettings: "get: No settings file exists, new profile?" (new NotFoundError("Could not open the file at /tmp/rust_mozprofile4ElOtF/search.json.mozlz4", (void 0)))
console.info: MINT: Loading search-config defaults.
JavaScript error: resource://gre/modules/TelemetryUtils.jsm, line 154: TypeError: date is undefined
1629043956599	Marionette	INFO	Listening on port 37051
1629043956737	Marionette	WARN	TLS certificate errors will be ignored for this session
JavaScript error: https://cdnjs.cloudflare.com/ajax/libs/jquery-easing/1.4.1/jquery.easing.min.js, line 1: TypeError: $.easing is undefined
JavaScript error: resource://gre/actors/AutoCompleteChild.jsm, line 125: Error: Invalid autocomplete selectedIndex
JavaScript error: https://cdnjs.cloudflare.com/ajax/libs/jquery-easing/1.4.1/jquery.easing.min.js, line 1: TypeError: $.easing is undefined
JavaScript error: https://cdnjs.cloudflare.com/ajax/libs/jquery-easing/1.4.1/jquery.easing.min.js, line 1: TypeError: $.easing is undefined
JavaScript error: https://cdnjs.cloudflare.com/ajax/libs/jquery-easing/1.4.1/jquery.easing.min.js, line 1: TypeError: $.easing is undefined
1629043966889	Marionette	INFO	Stopped listening on port 37051

###!!! [Parent][RunMessage] Error: Channel closing: too late to send/recv, messages will be lost

1629044116919	Marionette	INFO	Stopped listening on port 41359
1629292902939	geckodriver	INFO	Listening on 127.0.0.1:43093
1629292903951	mozrunner::runner	INFO	Running command: "/usr/bin/firefox" "--marionette" "-foreground" "-no-remote" "-profile" "/tmp/rust_mozprofileJjCPMU"
1629292904661	Marionette	INFO	Marionette enabled
console.info: MINT: Trying to use the system region (based on LANG).
console.info: MINT: System region is FR
console.warn: SearchSettings: "get: No settings file exists, new profile?" (new NotFoundError("Could not open the file at /tmp/rust_mozprofileJjCPMU/search.json.mozlz4", (void 0)))
console.info: MINT: Loading search-config defaults.
JavaScript error: resource://gre/modules/TelemetryUtils.jsm, line 154: TypeError: date is undefined
1629292906349	Marionette	INFO	Listening on port 33685
1629292906401	Marionette	WARN	TLS certificate errors will be ignored for this session
JavaScript error: https://cdnjs.cloudflare.com/ajax/libs/jquery-easing/1.4.1/jquery.easing.min.js, line 1: TypeError: $.easing is undefined
JavaScript error: resource://gre/actors/AutoCompleteChild.jsm, line 125: Error: Invalid autocomplete selectedIndex
JavaScript error: https://cdnjs.cloudflare.com/ajax/libs/jquery-easing/1.4.1/jquery.easing.min.js, line 1: TypeError: $.easing is undefined
JavaScript error: https://cdnjs.cloudflare.com/ajax/libs/jquery-easing/1.4.1/jquery.easing.min.js, line 1: TypeError: $.easing is undefined
JavaScript error: https://cdnjs.cloudflare.com/ajax/libs/jquery-easing/1.4.1/jquery.easing.min.js, line 1: TypeError: $.easing is undefined
1629292942527	Marionette	INFO	Stopped listening on port 33685
1629297125255	geckodriver	INFO	Listening on 127.0.0.1:32797
1629297125257	mozrunner::runner	INFO	Running command: "/usr/bin/firefox" "--marionette" "-foreground" "-no-remote" "-profile" "/tmp/rust_mozprofile2tKCk6"
1629297126084	Marionette	INFO	Marionette enabled
console.info: MINT: Trying to use the system region (based on LANG).
console.info: MINT: System region is FR
console.warn: SearchSettings: "get: No settings file exists, new profile?" (new NotFoundError("Could not open the file at /tmp/rust_mozprofile2tKCk6/search.json.mozlz4", (void 0)))
console.info: MINT: Loading search-config defaults.
JavaScript error: resource://gre/modules/TelemetryUtils.jsm, line 154: TypeError: date is undefined
1629297128398	Marionette	INFO	Listening on port 41497
1629297128546	Marionette	WARN	TLS certificate errors will be ignored for this session
JavaScript error: https://cdnjs.cloudflare.com/ajax/libs/jquery-easing/1.4.1/jquery.easing.min.js, line 1: TypeError: $.easing is undefined
JavaScript error: resource://gre/actors/AutoCompleteChild.jsm, line 125: Error: Invalid autocomplete selectedIndex
JavaScript error: https://cdnjs.cloudflare.com/ajax/libs/jquery-easing/1.4.1/jquery.easing.min.js, line 1: TypeError: $.easing is undefined
JavaScript error: https://cdnjs.cloudflare.com/ajax/libs/jquery-easing/1.4.1/jquery.easing.min.js, line 1: TypeError: $.easing is undefined
JavaScript error: https://cdnjs.cloudflare.com/ajax/libs/jquery-easing/1.4.1/jquery.easing.min.js, line 1: TypeError: $.easing is undefined
1629297152926	Marionette	INFO	Stopped listening on port 41497
1630681210190	geckodriver	INFO	Listening on 127.0.0.1:42693
1630681211201	mozrunner::runner	INFO	Running command: "/usr/bin/firefox" "--marionette" "-foreground" "-no-remote" "-profile" "/tmp/rust_mozprofileNYh71T"
1630681211846	Marionette	INFO	Marionette enabled
console.info: MINT: Trying to use the system region (based on LANG).
console.info: MINT: System region is FR
console.warn: SearchSettings: "get: No settings file exists, new profile?" (new NotFoundError("Could not open the file at /tmp/rust_mozprofileNYh71T/search.json.mozlz4", (void 0)))
console.info: MINT: Loading search-config defaults.
JavaScript error: resource://gre/modules/TelemetryUtils.jsm, line 154: TypeError: date is undefined
1630681214037	Marionette	INFO	Listening on port 38247
1630681214130	RemoteAgent	WARN	TLS certificate errors will be ignored for this session
JavaScript error: https://cdnjs.cloudflare.com/ajax/libs/jquery-easing/1.4.1/jquery.easing.min.js, line 1: TypeError: $.easing is undefined
JavaScript error: resource://gre/actors/AutoCompleteChild.jsm, line 125: Error: Invalid autocomplete selectedIndex
JavaScript error: https://cdnjs.cloudflare.com/ajax/libs/jquery-easing/1.4.1/jquery.easing.min.js, line 1: TypeError: $.easing is undefined
JavaScript error: https://cdnjs.cloudflare.com/ajax/libs/jquery-easing/1.4.1/jquery.easing.min.js, line 1: TypeError: $.easing is undefined
JavaScript error: https://cdnjs.cloudflare.com/ajax/libs/jquery-easing/1.4.1/jquery.easing.min.js, line 1: TypeError: $.easing is undefined
1630681242502	Marionette	INFO	Stopped listening on port 38247
JavaScript error: resource:///modules/Interactions.jsm, line 209: NS_ERROR_FAILURE: Component returned failure code: 0x80004005 (NS_ERROR_FAILURE) [nsIUserIdleService.removeIdleObserver]

###!!! [Parent][RunMessage] Error: Channel closing: too late to send/recv, messages will be lost

1630706567693	geckodriver	INFO	Listening on 127.0.0.1:49903
1630706568701	mozrunner::runner	INFO	Running command: "/usr/bin/firefox" "--marionette" "-foreground" "-no-remote" "-profile" "/tmp/rust_mozprofileHOqxG2"
1630706569336	Marionette	INFO	Marionette enabled
console.info: MINT: Trying to use the system region (based on LANG).
console.info: MINT: System region is FR
console.warn: SearchSettings: "get: No settings file exists, new profile?" (new NotFoundError("Could not open the file at /tmp/rust_mozprofileHOqxG2/search.json.mozlz4", (void 0)))
console.info: MINT: Loading search-config defaults.
JavaScript error: resource://gre/modules/TelemetryUtils.jsm, line 154: TypeError: date is undefined
1630706571150	Marionette	INFO	Listening on port 36967
1630706571225	RemoteAgent	WARN	TLS certificate errors will be ignored for this session
JavaScript error: https://cdnjs.cloudflare.com/ajax/libs/jquery-easing/1.4.1/jquery.easing.min.js, line 1: TypeError: $.easing is undefined
JavaScript error: resource://gre/actors/AutoCompleteChild.jsm, line 125: Error: Invalid autocomplete selectedIndex
JavaScript error: https://cdnjs.cloudflare.com/ajax/libs/jquery-easing/1.4.1/jquery.easing.min.js, line 1: TypeError: $.easing is undefined
JavaScript error: https://cdnjs.cloudflare.com/ajax/libs/jquery-easing/1.4.1/jquery.easing.min.js, line 1: TypeError: $.easing is undefined
JavaScript error: https://cdnjs.cloudflare.com/ajax/libs/jquery-easing/1.4.1/jquery.easing.min.js, line 1: TypeError: $.easing is undefined
1630706643448	Marionette	INFO	Stopped listening on port 36967
JavaScript error: resource:///modules/Interactions.jsm, line 209: NS_ERROR_FAILURE: Component returned failure code: 0x80004005 (NS_ERROR_FAILURE) [nsIUserIdleService.removeIdleObserver]
